<?xml version="1.0" encoding="UTF-8"?>
<testsuite name="csafy.payservice.PayServiceApplicationTests" tests="1" skipped="0" failures="0" errors="0" timestamp="2022-05-06T07:56:48" hostname="LAPTOP-I3PDTCJ9" time="0.472">
  <properties/>
  <testcase name="contextLoads()" classname="csafy.payservice.PayServiceApplicationTests" time="0.472"/>
  <system-out><![CDATA[16:56:26.826 [Test worker] DEBUG org.springframework.test.context.BootstrapUtils - Instantiating CacheAwareContextLoaderDelegate from class [org.springframework.test.context.cache.DefaultCacheAwareContextLoaderDelegate]
16:56:26.848 [Test worker] DEBUG org.springframework.test.context.BootstrapUtils - Instantiating BootstrapContext using constructor [public org.springframework.test.context.support.DefaultBootstrapContext(java.lang.Class,org.springframework.test.context.CacheAwareContextLoaderDelegate)]
16:56:26.916 [Test worker] DEBUG org.springframework.test.context.BootstrapUtils - Instantiating TestContextBootstrapper for test class [csafy.payservice.PayServiceApplicationTests] from class [org.springframework.boot.test.context.SpringBootTestContextBootstrapper]
16:56:26.936 [Test worker] INFO org.springframework.boot.test.context.SpringBootTestContextBootstrapper - Neither @ContextConfiguration nor @ContextHierarchy found for test class [csafy.payservice.PayServiceApplicationTests], using SpringBootContextLoader
16:56:26.945 [Test worker] DEBUG org.springframework.test.context.support.AbstractContextLoader - Did not detect default resource location for test class [csafy.payservice.PayServiceApplicationTests]: class path resource [csafy/payservice/PayServiceApplicationTests-context.xml] does not exist
16:56:26.946 [Test worker] DEBUG org.springframework.test.context.support.AbstractContextLoader - Did not detect default resource location for test class [csafy.payservice.PayServiceApplicationTests]: class path resource [csafy/payservice/PayServiceApplicationTestsContext.groovy] does not exist
16:56:26.946 [Test worker] INFO org.springframework.test.context.support.AbstractContextLoader - Could not detect default resource locations for test class [csafy.payservice.PayServiceApplicationTests]: no resource found for suffixes {-context.xml, Context.groovy}.
16:56:26.947 [Test worker] INFO org.springframework.test.context.support.AnnotationConfigContextLoaderUtils - Could not detect default configuration classes for test class [csafy.payservice.PayServiceApplicationTests]: PayServiceApplicationTests does not declare any static, non-private, non-final, nested classes annotated with @Configuration.
16:56:27.038 [Test worker] DEBUG org.springframework.test.context.support.ActiveProfilesUtils - Could not find an 'annotation declaring class' for annotation type [org.springframework.test.context.ActiveProfiles] and class [csafy.payservice.PayServiceApplicationTests]
16:56:27.153 [Test worker] DEBUG org.springframework.context.annotation.ClassPathScanningCandidateComponentProvider - Identified candidate component class: file [C:\Users\dahon\Desktop\finalProject\S06P31A102\backend\pay-service\build\classes\java\main\csafy\payservice\PayServiceApplication.class]
16:56:27.155 [Test worker] INFO org.springframework.boot.test.context.SpringBootTestContextBootstrapper - Found @SpringBootConfiguration csafy.payservice.PayServiceApplication for test class csafy.payservice.PayServiceApplicationTests
16:56:27.409 [Test worker] DEBUG org.springframework.boot.test.context.SpringBootTestContextBootstrapper - @TestExecutionListeners is not present for class [csafy.payservice.PayServiceApplicationTests]: using defaults.
16:56:27.410 [Test worker] INFO org.springframework.boot.test.context.SpringBootTestContextBootstrapper - Loaded default TestExecutionListener class names from location [META-INF/spring.factories]: [org.springframework.boot.test.autoconfigure.restdocs.RestDocsTestExecutionListener, org.springframework.boot.test.autoconfigure.web.client.MockRestServiceServerResetTestExecutionListener, org.springframework.boot.test.autoconfigure.web.servlet.MockMvcPrintOnlyOnFailureTestExecutionListener, org.springframework.boot.test.autoconfigure.web.servlet.WebDriverTestExecutionListener, org.springframework.boot.test.autoconfigure.webservices.client.MockWebServiceServerTestExecutionListener, org.springframework.boot.test.mock.mockito.MockitoTestExecutionListener, org.springframework.boot.test.mock.mockito.ResetMocksTestExecutionListener, org.springframework.test.context.web.ServletTestExecutionListener, org.springframework.test.context.support.DirtiesContextBeforeModesTestExecutionListener, org.springframework.test.context.event.ApplicationEventsTestExecutionListener, org.springframework.test.context.support.DependencyInjectionTestExecutionListener, org.springframework.test.context.support.DirtiesContextTestExecutionListener, org.springframework.test.context.transaction.TransactionalTestExecutionListener, org.springframework.test.context.jdbc.SqlScriptsTestExecutionListener, org.springframework.test.context.event.EventPublishingTestExecutionListener]
16:56:27.437 [Test worker] INFO org.springframework.boot.test.context.SpringBootTestContextBootstrapper - Using TestExecutionListeners: [org.springframework.test.context.web.ServletTestExecutionListener@6d2260db, org.springframework.test.context.support.DirtiesContextBeforeModesTestExecutionListener@1f2d2181, org.springframework.test.context.event.ApplicationEventsTestExecutionListener@49bf29c6, org.springframework.boot.test.mock.mockito.MockitoTestExecutionListener@7ee55e70, org.springframework.boot.test.autoconfigure.SpringBootDependencyInjectionTestExecutionListener@3fcdcf, org.springframework.test.context.support.DirtiesContextTestExecutionListener@7668d560, org.springframework.test.context.transaction.TransactionalTestExecutionListener@46292372, org.springframework.test.context.jdbc.SqlScriptsTestExecutionListener@126be319, org.springframework.test.context.event.EventPublishingTestExecutionListener@6c44052e, org.springframework.boot.test.autoconfigure.restdocs.RestDocsTestExecutionListener@5c371e13, org.springframework.boot.test.autoconfigure.web.client.MockRestServiceServerResetTestExecutionListener@530a8454, org.springframework.boot.test.autoconfigure.web.servlet.MockMvcPrintOnlyOnFailureTestExecutionListener@1e34c607, org.springframework.boot.test.autoconfigure.web.servlet.WebDriverTestExecutionListener@5215cd9a, org.springframework.boot.test.autoconfigure.webservices.client.MockWebServiceServerTestExecutionListener@36b6964d, org.springframework.boot.test.mock.mockito.ResetMocksTestExecutionListener@31198ceb]
16:56:27.444 [Test worker] DEBUG org.springframework.test.context.support.AbstractDirtiesContextTestExecutionListener - Before test class: context [DefaultTestContext@54e81b21 testClass = PayServiceApplicationTests, testInstance = [null], testMethod = [null], testException = [null], mergedContextConfiguration = [WebMergedContextConfiguration@38d5b107 testClass = PayServiceApplicationTests, locations = '{}', classes = '{class csafy.payservice.PayServiceApplication}', contextInitializerClasses = '[]', activeProfiles = '{}', propertySourceLocations = '{}', propertySourceProperties = '{org.springframework.boot.test.context.SpringBootTestContextBootstrapper=true}', contextCustomizers = set[org.springframework.boot.test.autoconfigure.actuate.metrics.MetricsExportContextCustomizerFactory$DisableMetricExportContextCustomizer@4c4d27c8, org.springframework.boot.test.autoconfigure.properties.PropertyMappingContextCustomizer@0, org.springframework.boot.test.autoconfigure.web.servlet.WebDriverContextCustomizerFactory$Customizer@a8e6492, org.springframework.boot.test.context.filter.ExcludeFilterContextCustomizer@60dce7ea, org.springframework.boot.test.json.DuplicateJsonObjectContextCustomizerFactory$DuplicateJsonObjectContextCustomizer@5974109, org.springframework.boot.test.mock.mockito.MockitoContextCustomizer@0, org.springframework.boot.test.web.client.TestRestTemplateContextCustomizer@40499e4f, org.springframework.boot.test.context.SpringBootTestArgs@1, org.springframework.boot.test.context.SpringBootTestWebEnvironment@7c3fdb62], resourceBasePath = 'src/main/webapp', contextLoader = 'org.springframework.boot.test.context.SpringBootContextLoader', parent = [null]], attributes = map['org.springframework.test.context.web.ServletTestExecutionListener.activateListener' -> true]], class annotated with @DirtiesContext [false] with mode [null].

  .   ____          _            __ _ _
 /\\ / ___'_ __ _ _(_)_ __  __ _ \ \ \ \
( ( )\___ | '_ | '_| | '_ \/ _` | \ \ \ \
 \\/  ___)| |_)| | | | | || (_| |  ) ) ) )
  '  |____| .__|_| |_|_| |_\__, | / / / /
 =========|_|==============|___/=/_/_/_/
 :: Spring Boot ::                (v2.6.7)

2022-05-06 16:56:31.632  INFO 25468 --- [    Test worker] c.payservice.PayServiceApplicationTests  : Starting PayServiceApplicationTests using Java 11.0.13 on LAPTOP-I3PDTCJ9 with PID 25468 (started by dahon in C:\Users\dahon\Desktop\finalProject\S06P31A102\backend\pay-service)
2022-05-06 16:56:31.635  INFO 25468 --- [    Test worker] c.payservice.PayServiceApplicationTests  : No active profile set, falling back to 1 default profile: "default"
2022-05-06 16:56:33.376  INFO 25468 --- [    Test worker] .s.d.r.c.RepositoryConfigurationDelegate : Bootstrapping Spring Data JPA repositories in DEFAULT mode.
2022-05-06 16:56:33.408  INFO 25468 --- [    Test worker] .s.d.r.c.RepositoryConfigurationDelegate : Finished Spring Data repository scanning in 17 ms. Found 0 JPA repository interfaces.
2022-05-06 16:56:33.966  INFO 25468 --- [    Test worker] o.s.cloud.context.scope.GenericScope     : BeanFactory id=2334a850-88e3-391c-aea3-61a12fed25a0
2022-05-06 16:56:34.992  INFO 25468 --- [    Test worker] o.hibernate.jpa.internal.util.LogHelper  : HHH000204: Processing PersistenceUnitInfo [name: default]
2022-05-06 16:56:35.111  INFO 25468 --- [    Test worker] org.hibernate.Version                    : HHH000412: Hibernate ORM core version 5.6.8.Final
2022-05-06 16:56:35.445  INFO 25468 --- [    Test worker] o.hibernate.annotations.common.Version   : HCANN000001: Hibernate Commons Annotations {5.1.2.Final}
2022-05-06 16:56:35.716  INFO 25468 --- [    Test worker] com.zaxxer.hikari.HikariDataSource       : HikariPool-1 - Starting...
2022-05-06 16:56:36.145  INFO 25468 --- [    Test worker] com.zaxxer.hikari.HikariDataSource       : HikariPool-1 - Start completed.
2022-05-06 16:56:36.177  INFO 25468 --- [    Test worker] org.hibernate.dialect.Dialect            : HHH000400: Using dialect: org.hibernate.dialect.MySQL8Dialect
2022-05-06 16:56:36.604  INFO 25468 --- [    Test worker] o.h.e.t.j.p.i.JtaPlatformInitiator       : HHH000490: Using JtaPlatform implementation: [org.hibernate.engine.transaction.jta.platform.internal.NoJtaPlatform]
2022-05-06 16:56:36.621  INFO 25468 --- [    Test worker] j.LocalContainerEntityManagerFactoryBean : Initialized JPA EntityManagerFactory for persistence unit 'default'
2022-05-06 16:56:36.904  WARN 25468 --- [    Test worker] JpaBaseConfiguration$JpaWebConfiguration : spring.jpa.open-in-view is enabled by default. Therefore, database queries may be performed during view rendering. Explicitly configure spring.jpa.open-in-view to disable this warning
2022-05-06 16:56:43.428  INFO 25468 --- [    Test worker] o.s.cloud.commons.util.InetUtils         : Cannot determine local hostname
2022-05-06 16:56:43.521  INFO 25468 --- [    Test worker] DiscoveryClientOptionalArgsConfiguration : Eureka HTTP Client uses RestTemplate.
2022-05-06 16:56:47.760  INFO 25468 --- [    Test worker] o.s.cloud.commons.util.InetUtils         : Cannot determine local hostname
2022-05-06 16:56:47.950  WARN 25468 --- [    Test worker] iguration$LoadBalancerCaffeineWarnLogger : Spring Cloud LoadBalancer is currently working with the default cache. While this cache implementation is useful for development and tests, it's recommended to use Caffeine cache in production.You can switch to using Caffeine cache, by adding it and org.springframework.cache.caffeine.CaffeineCacheManager to the classpath.
2022-05-06 16:56:48.006  INFO 25468 --- [    Test worker] c.payservice.PayServiceApplicationTests  : Started PayServiceApplicationTests in 20.498 seconds (JVM running for 25.565)
]]></system-out>
  <system-err><![CDATA[]]></system-err>
</testsuite>
